<?xml version="1.0" encoding="UTF-8"?>
<!-- Generated by org.testng.reporters.JUnitXMLReporter -->
<testsuite ignored="0" hostname="Kgabos-MacBook-Pro.local" failures="0" tests="2" name="Surefire test" time="17.145" errors="0" timestamp="2023-06-08T12:04:16 SAST">
  <testcase classname="io.cucumber.testng.AbstractTestNGCucumberTests" name="runScenario" time="9.373"/>
  <testcase classname="io.cucumber.testng.AbstractTestNGCucumberTests" name="runScenario" time="17.015"/>
</testsuite> <!-- Surefire test -->
