<?xml version="1.0" encoding="UTF-8"?>
<testsuite xmlns:xsi="http://www.w3.org/2001/XMLSchema-instance" xsi:noNamespaceSchemaLocation="https://maven.apache.org/surefire/maven-surefire-plugin/xsd/surefire-test-report-3.0.xsd" version="3.0" name="TestSuite" time="22.359" tests="2" errors="0" skipped="0" failures="0">
  <properties>
[...]
</properties>
  <testcase name="runScenario[&quot;Login into swag labs&quot;, &quot;Login to Swag labs&quot;](1)" classname="cucumberOptions.TestNG_testRunner" time="9.373">
    <system-out><![CDATA[kgabo
]]></system-out>
    <system-err><![CDATA[SLF4J: No SLF4J providers were found.
SLF4J: Defaulting to no-operation (NOP) logger implementation
SLF4J: See https://www.slf4j.org/codes.html#noProviders for further details.
StSatratritnign gC hCrhormoemDerDirvievre r1 1141.0.45.703.5.59703 5(.39806 b(c039e886fb4cf20e092e58edfd4afe21e2032f356efdd6a2e6132039f63a6ef4692-6r3e0f9s6/aber4a9n-crhe-hfesa/dbsr/a5n7c3h5-@h{e#1a0d5s2/}5)7 3o5n@ {p#o1r0t 55929}5)7 
oOnn lpyo rtl o6c3a2l8 4c
oOnnnleyc tlioocnasl  acroen neacltlioownesd .a
rPel eaalsleowe dsee ht.tps:
/P/clheraosmee dsreiev ehrt.tcphsr:o/m/icuhmr.omedroivreg/rs.ecchurroimtiyu-mc.oonrsgi/dserations fecourr istuygg-ecsotnisoindse rona tkieoenpsin gf oCrh rsougmgeeDrisvtioern ss aofne .k
eepCihnrgo mCehDrroimveeDrr iwvaesr  sstaafret.e
d CshurcocmeesDsrfiuvlelry .w
as started successfully.
Jun 08, 2023 12:04:01 PM org.openqa.selenium.remote.ProtocolHandshake createSession
INFO: Detected dialect: W3C
Jun 08, 2023 12:04:01 PM org.openqa.selenium.remote.ProtocolHandshake createSession
INFO: Detected dialect: W3C
Jun 08, 2023 12:04:01 PM org.openqa.selenium.devtools.CdpVersionFinder findNearestMatch
WARNING: Unable to find an exact match for CDP version 114, so returning the closest version found: a no-op implementation
Jun 08, 2023 12:04:01 PM org.openqa.selenium.devtools.CdpVersionFinder findNearestMatch
WARNING: Unable to find an exact match for CDP version 114, so returning the closest version found: a no-op implementation
Jun 08, 2023 12:04:01 PM org.openqa.selenium.devtools.CdpVersionFinder findNearestMatch
INFO: Unable to find CDP implementation matching 114.
Jun 08, 2023 12:04:01 PM org.openqa.selenium.devtools.CdpVersionFinder findNearestMatch
INFO: Unable to find CDP implementation matching 114.
Jun 08, 2023 12:04:01 PM org.openqa.selenium.chromium.ChromiumDriver lambda$new$3
WARNING: Unable to find version of CDP to use for . You may need to include a dependency on a specific version of the CDP using something similar to `org.seleniumhq.selenium:selenium-devtools-v86:4.1.2` where the version ("v86") matches the version of the chromium-based browser you're using and the version number of the artifact is the same as Selenium's.
Jun 08, 2023 12:04:01 PM org.openqa.selenium.chromium.ChromiumDriver lambda$new$3
WARNING: Unable to find version of CDP to use for . You may need to include a dependency on a specific version of the CDP using something similar to `org.seleniumhq.selenium:selenium-devtools-v86:4.1.2` where the version ("v86") matches the version of the chromium-based browser you're using and the version number of the artifact is the same as Selenium's.
]]></system-err>
  </testcase>
  <testcase name="runScenario[&quot;add item to cart&quot;, &quot;add product to cart&quot;](2)" classname="cucumberOptions.TestNG_testRunner" time="17.038"/>
</testsuite>