<?xml version="1.0" encoding="UTF-8"?>
<testsuite xmlns:xsi="http://www.w3.org/2001/XMLSchema-instance" xsi:noNamespaceSchemaLocation="https://maven.apache.org/surefire/maven-surefire-plugin/xsd/surefire-test-report-3.0.xsd" version="3.0" name="TestSuite" time="19.421" tests="2" errors="0" skipped="0" failures="0">
  <properties>
[...]
</properties>
  <testcase name="runScenario[&quot;Login into swag labs&quot;, &quot;Login to Swag labs&quot;](1)" classname="cucumberOptions.TestNG_testRunner" time="13.144">
    <system-out><![CDATA[kgabo
]]></system-out>
    <system-err><![CDATA[SLF4J: No SLF4J providers were found.
SLF4J: Defaulting to no-operation (NOP) logger implementation
SLF4J: See https://www.slf4j.org/codes.html#noProviders for further details.
ERROR StatusLogger Log4j2 could not find a logging implementation. Please add log4j-core to the classpath. Using SimpleLogger to log to the console...
SStarttairntgi nCgh rCohmreoDmreiDvreivre r1 141.104..5073.57355.9.09 0( 3(8368b6bcc0099ee88ff44ff2e022e50e2d5deaded1a2e132f3f336f6f66226633009966aaee4499--rreeffss//bbrraanncchh--hheeadasd/s5/735@{#105527}3)5 @o{n#10 5p2}) ono rpto r6t2 455088
8O9n
Onllyy  llooccaall  ccoonnnneeccttiioonsn sa arree  aallllowed.
Pleoaswee sde.e
 Plhetatspes :s/e/ech rhotmtpesd:r//cihvreomedrriv.ecrh.romium.cohrrgo/msieucmu.roirtgy/-sceocnusriidteyr-actoinosnisd efroar tsiuogngse fsotir suoggnestionss o no nk eekeepiping Cngh rCohmreoDmreiDvreirv esra fsea.f
e.
ChCrhormoemDerDivreiverr  wwaass  ssttaarrtteedd  ssuucccceessssffuullllyy..

Jun 11, 2023 5:53:50 PM org.openqa.selenium.remote.ProtocolHandshake createSession
INFO: Detected dialect: W3C
Jun 11, 2023 5:53:50 PM org.openqa.selenium.remote.ProtocolHandshake createSession
INFO: Detected dialect: W3C
Jun 11, 2023 5:53:50 PM org.openqa.selenium.devtools.CdpVersionFinder findNearestMatch
WARNING: Unable to find an exact match for CDP version 114, so returning the closest version found: a no-op implementation
Jun 11, 2023 5:53:50 PM org.openqa.selenium.devtools.CdpVersionFinder findNearestMatch
WARNING: Unable to find an exact match for CDP version 114, so returning the closest version found: a no-op implementation
Jun 11, 2023 5:53:50 PM org.openqa.selenium.devtools.CdpVersionFinder findNearestMatch
INFO: Unable to find CDP implementation matching 114.
Jun 11, 2023 5:53:50 PM org.openqa.selenium.devtools.CdpVersionFinder findNearestMatch
INFO: Unable to find CDP implementation matching 114.
Jun 11, 2023 5:53:50 PM org.openqa.selenium.chromium.ChromiumDriver lambda$new$3
WARNING: Unable to find version of CDP to use for . You may need to include a dependency on a specific version of the CDP using something similar to `org.seleniumhq.selenium:selenium-devtools-v86:4.1.2` where the version ("v86") matches the version of the chromium-based browser you're using and the version number of the artifact is the same as Selenium's.
Jun 11, 2023 5:53:50 PM org.openqa.selenium.chromium.ChromiumDriver lambda$new$3
WARNING: Unable to find version of CDP to use for . You may need to include a dependency on a specific version of the CDP using something similar to `org.seleniumhq.selenium:selenium-devtools-v86:4.1.2` where the version ("v86") matches the version of the chromium-based browser you're using and the version number of the artifact is the same as Selenium's.
]]></system-err>
  </testcase>
  <testcase name="runScenario[&quot;add item to cart&quot;, &quot;add product to cart&quot;](2)" classname="cucumberOptions.TestNG_testRunner" time="19.179"/>
</testsuite>