<?xml version="1.0" encoding="UTF-8"?>
<testng-results ignored="0" total="2" passed="2" failed="0" skipped="0">
  <reporter-output>
  </reporter-output>
  <suite started-at="2023-06-08T12:03:54 SAST" name="Surefire suite" finished-at="2023-06-08T12:04:11 SAST" duration-ms="17145">
    <groups>
      <group name="cucumber">
        <method signature="AbstractTestNGCucumberTests.runScenario(io.cucumber.testng.PickleWrapper,io.cucumber.testng.FeatureWrapper)[pri:0, instance:cucumberOptions.TestNG_testRunner@7219ec67]" name="runScenario" class="io.cucumber.testng.AbstractTestNGCucumberTests"/>
      </group> <!-- cucumber -->
    </groups>
    <test started-at="2023-06-08T12:03:54 SAST" name="Surefire test" finished-at="2023-06-08T12:04:11 SAST" duration-ms="17145">
      <class name="cucumberOptions.TestNG_testRunner">
        <test-method is-config="true" signature="setUpClass(org.testng.ITestContext)[pri:0, instance:cucumberOptions.TestNG_testRunner@7219ec67]" started-at="2023-06-08T12:03:54 SAST" name="setUpClass" finished-at="2023-06-08T12:03:54 SAST" duration-ms="91" status="PASS">
          <params>
            <param index="0">
              <value>
                <![CDATA[org.testng.TestRunner@4bd31064]]>
              </value>
            </param>
          </params>
          <reporter-output>
          </reporter-output>
        </test-method> <!-- setUpClass -->
        <test-method signature="runScenario(io.cucumber.testng.PickleWrapper,io.cucumber.testng.FeatureWrapper)[pri:0, instance:cucumberOptions.TestNG_testRunner@7219ec67]" started-at="2023-06-08T12:03:54 SAST" name="runScenario" description="Runs Cucumber Scenarios" data-provider="scenarios" finished-at="2023-06-08T12:04:03 SAST" duration-ms="9373" status="PASS">
          <params>
            <param index="0">
              <value>
                <![CDATA["Login into swag labs"]]>
              </value>
            </param>
            <param index="1">
              <value>
                <![CDATA["Login to Swag labs"]]>
              </value>
            </param>
          </params>
          <reporter-output>
          </reporter-output>
        </test-method> <!-- runScenario -->
        <test-method signature="runScenario(io.cucumber.testng.PickleWrapper,io.cucumber.testng.FeatureWrapper)[pri:0, instance:cucumberOptions.TestNG_testRunner@7219ec67]" started-at="2023-06-08T12:03:54 SAST" name="runScenario" description="Runs Cucumber Scenarios" data-provider="scenarios" finished-at="2023-06-08T12:04:11 SAST" duration-ms="17015" status="PASS">
          <params>
            <param index="0">
              <value>
                <![CDATA["add item to cart"]]>
              </value>
            </param>
            <param index="1">
              <value>
                <![CDATA["add product to cart"]]>
              </value>
            </param>
          </params>
          <reporter-output>
          </reporter-output>
        </test-method> <!-- runScenario -->
        <test-method is-config="true" signature="tearDownClass()[pri:0, instance:cucumberOptions.TestNG_testRunner@7219ec67]" started-at="2023-06-08T12:04:11 SAST" name="tearDownClass" finished-at="2023-06-08T12:04:11 SAST" duration-ms="6" status="PASS">
          <reporter-output>
          </reporter-output>
        </test-method> <!-- tearDownClass -->
      </class> <!-- cucumberOptions.TestNG_testRunner -->
    </test> <!-- Surefire test -->
  </suite> <!-- Surefire suite -->
</testng-results>
